[2018-12-07 14:40:34,680] - [DEBUG] - log initialize finish
[2018-12-07 14:40:34,892] - [DEBUG] - searchAppInfo:[微信]
[2018-12-07 14:40:34,892] - [DEBUG] - getSarchResult:[https://sj.qq.com/myapp/searchAjax.htm]
[2018-12-07 14:40:34,894] - [DEBUG] - Starting new HTTPS connection (1): sj.qq.com
[2018-12-07 14:40:35,325] - [DEBUG] - https://sj.qq.com:443 "GET /myapp/searchAjax.htm?kw=%E5%BE%AE%E4%BF%A1 HTTP/1.1" 200 None
[2018-12-07 14:40:35,413] - [DEBUG] - analyseHTML
[2018-12-07 14:40:35,414] - [DEBUG] - None
[2018-12-07 14:43:11,236] - [DEBUG] - log initialize finish
[2018-12-07 14:43:11,388] - [DEBUG] - searchAppInfo:[微信]
[2018-12-07 14:43:14,529] - [DEBUG] - getSarchResult:[https://sj.qq.com/myapp/searchAjax.htm]
[2018-12-07 14:43:14,535] - [DEBUG] - Starting new HTTPS connection (1): sj.qq.com
[2018-12-07 14:43:15,131] - [DEBUG] - https://sj.qq.com:443 "GET /myapp/searchAjax.htm?kw=%E5%BE%AE%E4%BF%A1 HTTP/1.1" 200 None
[2018-12-07 14:43:15,243] - [DEBUG] - analyseHTML
[2018-12-07 14:44:42,128] - [DEBUG] - log initialize finish
[2018-12-07 14:44:42,301] - [DEBUG] - searchAppInfo:[微信]
[2018-12-07 14:44:45,823] - [DEBUG] - getSarchResult:[https://sj.qq.com/myapp/searchAjax.htm]
[2018-12-07 14:44:45,825] - [DEBUG] - Starting new HTTPS connection (1): sj.qq.com
[2018-12-07 14:44:46,651] - [DEBUG] - https://sj.qq.com:443 "GET /myapp/searchAjax.htm?kw=%E5%BE%AE%E4%BF%A1 HTTP/1.1" 200 None
[2018-12-07 14:44:46,786] - [DEBUG] - analyseHTML
[2018-12-07 14:44:51,519] - [DEBUG] - None
[2018-12-07 14:45:34,605] - [DEBUG] - log initialize finish
[2018-12-07 14:45:34,778] - [DEBUG] - searchAppInfo:[微信]
[2018-12-07 14:45:38,954] - [DEBUG] - getSarchResult:[https://sj.qq.com/myapp/searchAjax.htm]
[2018-12-07 14:45:38,957] - [DEBUG] - Starting new HTTPS connection (1): sj.qq.com
[2018-12-07 14:45:39,559] - [DEBUG] - https://sj.qq.com:443 "GET /myapp/searchAjax.htm?kw=%E5%BE%AE%E4%BF%A1 HTTP/1.1" 200 None
[2018-12-07 14:45:39,651] - [DEBUG] - analyseHTML
[2018-12-07 14:45:53,161] - [DEBUG] - None
[2018-12-07 14:46:52,904] - [DEBUG] - log initialize finish
[2018-12-07 14:46:53,066] - [DEBUG] - searchAppInfo:[微信]
[2018-12-07 14:46:56,513] - [DEBUG] - getSarchResult:[https://sj.qq.com/myapp/searchAjax.htm]
[2018-12-07 14:46:56,515] - [DEBUG] - Starting new HTTP connection (1): sj.qq.com
[2018-12-07 14:46:56,532] - [DEBUG] - http://sj.qq.com:80 "POST /myapp/searchAjax.htm?kw=微信&pns=&sid= HTTP/1.1" 302 154
[2018-12-07 14:46:56,539] - [DEBUG] - Incremented Retry for (url='http://sj.qq.com/myapp/searchAjax.htm?kw=微信&pns=&sid='): Retry(total=2, connect=None, read=None, redirect=None, status=None)
[2018-12-07 14:46:56,540] - [INFO] - Redirecting http://sj.qq.com/myapp/searchAjax.htm?kw=微信&pns=&sid= -> https://sj.qq.com/myapp/searchAjax.htm?kw=微信&pns=&sid=
[2018-12-07 14:46:56,542] - [DEBUG] - Starting new HTTPS connection (1): sj.qq.com
[2018-12-07 14:46:57,101] - [DEBUG] - https://sj.qq.com:443 "POST /myapp/searchAjax.htm?kw=微信&pns=&sid= HTTP/1.1" 200 None
[2018-12-07 14:47:18,059] - [DEBUG] - log initialize finish
[2018-12-07 14:47:18,226] - [DEBUG] - searchAppInfo:[微信]
[2018-12-07 14:47:20,328] - [DEBUG] - getSarchResult:[https://sj.qq.com/myapp/searchAjax.htm]
[2018-12-07 14:47:20,331] - [DEBUG] - Starting new HTTP connection (1): sj.qq.com
[2018-12-07 14:47:20,348] - [DEBUG] - http://sj.qq.com:80 "GET /myapp/searchAjax.htm?kw=微信&pns=&sid= HTTP/1.1" 302 154
[2018-12-07 14:47:20,352] - [DEBUG] - Incremented Retry for (url='http://sj.qq.com/myapp/searchAjax.htm?kw=微信&pns=&sid='): Retry(total=2, connect=None, read=None, redirect=None, status=None)
[2018-12-07 14:47:20,354] - [INFO] - Redirecting http://sj.qq.com/myapp/searchAjax.htm?kw=微信&pns=&sid= -> https://sj.qq.com/myapp/searchAjax.htm?kw=微信&pns=&sid=
[2018-12-07 14:47:20,355] - [DEBUG] - Starting new HTTPS connection (1): sj.qq.com
[2018-12-07 14:47:20,943] - [DEBUG] - https://sj.qq.com:443 "GET /myapp/searchAjax.htm?kw=微信&pns=&sid= HTTP/1.1" 200 None
[2018-12-07 14:47:22,753] - [DEBUG] - analyseHTML
[2018-12-07 14:48:07,954] - [DEBUG] - log initialize finish
[2018-12-07 14:48:08,107] - [DEBUG] - searchAppInfo:[微信]
[2018-12-07 14:48:09,776] - [DEBUG] - getSarchResult:[https://sj.qq.com/myapp/searchAjax.htm]
[2018-12-07 14:48:09,780] - [DEBUG] - Starting new HTTP connection (1): sj.qq.com
[2018-12-07 14:48:09,795] - [DEBUG] - http://sj.qq.com:80 "GET /myapp/searchAjax.htm?kw=微信&pns=&sid= HTTP/1.1" 302 154
[2018-12-07 14:48:09,805] - [DEBUG] - Incremented Retry for (url='http://sj.qq.com/myapp/searchAjax.htm?kw=微信&pns=&sid='): Retry(total=2, connect=None, read=None, redirect=None, status=None)
[2018-12-07 14:48:09,805] - [INFO] - Redirecting http://sj.qq.com/myapp/searchAjax.htm?kw=微信&pns=&sid= -> https://sj.qq.com/myapp/searchAjax.htm?kw=微信&pns=&sid=
[2018-12-07 14:48:09,813] - [DEBUG] - Starting new HTTPS connection (1): sj.qq.com
[2018-12-07 14:48:11,112] - [DEBUG] - https://sj.qq.com:443 "GET /myapp/searchAjax.htm?kw=微信&pns=&sid= HTTP/1.1" 200 None
[2018-12-07 14:48:19,046] - [DEBUG] - analyseHTML
[2018-12-07 14:48:58,486] - [DEBUG] - log initialize finish
[2018-12-07 14:48:58,644] - [DEBUG] - searchAppInfo:[微信]
[2018-12-07 14:49:01,563] - [DEBUG] - getSarchResult:[https://sj.qq.com/myapp/searchAjax.htm]
[2018-12-07 14:49:01,568] - [DEBUG] - Starting new HTTP connection (1): sj.qq.com
[2018-12-07 14:49:01,584] - [DEBUG] - http://sj.qq.com:80 "GET /myapp/searchAjax.htm?kw=微信&pns=&sid= HTTP/1.1" 302 154
[2018-12-07 14:49:01,591] - [DEBUG] - Incremented Retry for (url='http://sj.qq.com/myapp/searchAjax.htm?kw=微信&pns=&sid='): Retry(total=2, connect=None, read=None, redirect=None, status=None)
[2018-12-07 14:49:01,591] - [INFO] - Redirecting http://sj.qq.com/myapp/searchAjax.htm?kw=微信&pns=&sid= -> https://sj.qq.com/myapp/searchAjax.htm?kw=微信&pns=&sid=
[2018-12-07 14:49:01,592] - [DEBUG] - Starting new HTTPS connection (1): sj.qq.com
[2018-12-07 14:49:02,127] - [DEBUG] - https://sj.qq.com:443 "GET /myapp/searchAjax.htm?kw=微信&pns=&sid= HTTP/1.1" 200 None
[2018-12-07 14:49:02,196] - [DEBUG] - analyseHTML
[2018-12-07 14:49:56,604] - [DEBUG] - None
[2018-12-07 14:50:16,230] - [DEBUG] - log initialize finish
[2018-12-07 14:50:16,398] - [DEBUG] - searchAppInfo:[微信]
[2018-12-07 14:50:20,053] - [DEBUG] - getSarchResult:[https://sj.qq.com/myapp/searchAjax.htm]
[2018-12-07 14:50:20,055] - [DEBUG] - Starting new HTTPS connection (1): sj.qq.com
[2018-12-07 14:50:20,918] - [DEBUG] - https://sj.qq.com:443 "GET /myapp/searchAjax.htm?kw=%E5%BE%AE%E4%BF%A1 HTTP/1.1" 200 None
[2018-12-07 14:50:21,072] - [DEBUG] - analyseHTML
[2018-12-07 14:54:08,262] - [DEBUG] - log initialize finish
[2018-12-07 14:54:08,417] - [DEBUG] - searchAppInfo:[微信]
[2018-12-07 14:54:10,265] - [DEBUG] - getSarchResult:[https://sj.qq.com/myapp/searchAjax.htm]
[2018-12-07 14:54:10,266] - [DEBUG] - Starting new HTTPS connection (1): sj.qq.com
[2018-12-07 14:54:11,089] - [DEBUG] - https://sj.qq.com:443 "GET /myapp/searchAjax.htm?kw=%E5%BE%AE%E4%BF%A1 HTTP/1.1" 200 None
[2018-12-07 14:54:11,223] - [DEBUG] - analyseHTML
[2018-12-07 14:54:11,227] - [ERROR] - 'dict' object has no attribute 'obj'
[2018-12-07 14:54:29,289] - [DEBUG] - log initialize finish
[2018-12-07 14:54:29,459] - [DEBUG] - searchAppInfo:[微信]
[2018-12-07 14:54:36,500] - [DEBUG] - getSarchResult:[https://sj.qq.com/myapp/searchAjax.htm]
[2018-12-07 14:54:36,503] - [DEBUG] - Starting new HTTPS connection (1): sj.qq.com
[2018-12-07 14:54:38,003] - [DEBUG] - https://sj.qq.com:443 "GET /myapp/searchAjax.htm?kw=%E5%BE%AE%E4%BF%A1 HTTP/1.1" 200 None
[2018-12-07 14:54:38,009] - [DEBUG] - analyseHTML
[2018-12-07 14:55:05,131] - [DEBUG] - log initialize finish
[2018-12-07 14:55:05,293] - [DEBUG] - searchAppInfo:[微信]
[2018-12-07 14:55:07,493] - [DEBUG] - getSarchResult:[https://sj.qq.com/myapp/searchAjax.htm]
[2018-12-07 14:55:07,493] - [DEBUG] - Starting new HTTPS connection (1): sj.qq.com
[2018-12-07 14:55:08,092] - [DEBUG] - https://sj.qq.com:443 "GET /myapp/searchAjax.htm?kw=%E5%BE%AE%E4%BF%A1 HTTP/1.1" 200 None
[2018-12-07 14:55:08,181] - [DEBUG] - analyseHTML
[2018-12-07 14:55:48,661] - [ERROR] - 'dict' object has no attribute 'obj'
[2018-12-07 14:55:57,671] - [DEBUG] - log initialize finish
[2018-12-07 14:55:57,822] - [DEBUG] - searchAppInfo:[微信]
[2018-12-07 14:55:59,714] - [DEBUG] - getSarchResult:[https://sj.qq.com/myapp/searchAjax.htm]
[2018-12-07 14:55:59,714] - [DEBUG] - Starting new HTTPS connection (1): sj.qq.com
[2018-12-07 14:56:00,528] - [DEBUG] - https://sj.qq.com:443 "GET /myapp/searchAjax.htm?kw=%E5%BE%AE%E4%BF%A1 HTTP/1.1" 200 None
[2018-12-07 14:56:00,615] - [DEBUG] - analyseHTML
[2018-12-07 14:56:00,618] - [ERROR] - 'dict' object has no attribute 'obj'
[2018-12-07 14:56:32,190] - [DEBUG] - log initialize finish
[2018-12-07 14:56:32,344] - [DEBUG] - searchAppInfo:[微信]
[2018-12-07 14:56:34,460] - [DEBUG] - getSarchResult:[https://sj.qq.com/myapp/searchAjax.htm]
[2018-12-07 14:56:34,461] - [DEBUG] - Starting new HTTPS connection (1): sj.qq.com
[2018-12-07 14:56:35,289] - [DEBUG] - https://sj.qq.com:443 "GET /myapp/searchAjax.htm?kw=%E5%BE%AE%E4%BF%A1 HTTP/1.1" 200 None
[2018-12-07 14:56:35,421] - [DEBUG] - analyseHTML
[2018-12-07 14:56:35,424] - [INFO] - 微信
[2018-12-07 14:56:35,427] - [INFO] - 企业微信
[2018-12-07 14:56:35,430] - [INFO] - 微信读书
[2018-12-07 14:56:35,433] - [INFO] - 映客直播
[2018-12-07 14:56:35,436] - [INFO] - 微信电话本
[2018-12-07 14:56:35,437] - [INFO] - 口袋植物
[2018-12-07 14:56:35,440] - [INFO] - 腾讯文件-微信QQ文件极速查找
[2018-12-07 14:56:35,441] - [INFO] - 微粉管家
[2018-12-07 14:56:35,441] - [INFO] - 定位精灵
[2018-12-07 14:56:35,444] - [INFO] - 节奏大师
[2018-12-07 14:56:35,446] - [INFO] - QQ
[2018-12-07 14:56:35,450] - [DEBUG] - None
[2018-12-07 15:22:19,332] - [DEBUG] - log initialize finish
[2018-12-07 15:22:19,832] - [DEBUG] - searchAppInfo:[微信]
[2018-12-07 15:22:26,773] - [DEBUG] - getSarchResult:[http://www.anzhi.com/search.php]
[2018-12-07 15:22:26,780] - [DEBUG] - Starting new HTTP connection (1): www.anzhi.com
[2018-12-07 15:22:26,923] - [DEBUG] - http://www.anzhi.com:80 "GET /search.php?keyword=%E5%BE%AE%E4%BF%A1 HTTP/1.1" 200 None
[2018-12-07 15:22:35,384] - [DEBUG] - analyseHTML
[2018-12-07 15:22:44,668] - [DEBUG] - None
[2018-12-07 15:23:00,071] - [DEBUG] - log initialize finish
[2018-12-07 15:23:00,226] - [DEBUG] - searchAppInfo:[微信]
[2018-12-07 15:23:03,493] - [DEBUG] - getSarchResult:[http://www.anzhi.com/search.php]
[2018-12-07 15:23:03,493] - [DEBUG] - Starting new HTTP connection (1): www.anzhi.com
[2018-12-07 15:23:03,631] - [DEBUG] - http://www.anzhi.com:80 "GET /search.php?keyword=%E5%BE%AE%E4%BF%A1 HTTP/1.1" 200 None
[2018-12-07 15:23:03,645] - [DEBUG] - analyseHTML
[2018-12-07 15:27:50,055] - [DEBUG] - log initialize finish
[2018-12-07 15:27:50,207] - [DEBUG] - searchAppInfo:[微信]
[2018-12-07 15:27:53,322] - [DEBUG] - getSarchResult:[http://www.anzhi.com/search.php]
[2018-12-07 15:27:53,322] - [DEBUG] - Starting new HTTP connection (1): www.anzhi.com
[2018-12-07 15:27:53,434] - [DEBUG] - http://www.anzhi.com:80 "GET /search.php?keyword=%E5%BE%AE%E4%BF%A1 HTTP/1.1" 200 None
[2018-12-07 15:27:53,447] - [DEBUG] - analyseHTML
[2018-12-07 15:35:31,358] - [DEBUG] - log initialize finish
[2018-12-07 15:35:31,581] - [DEBUG] - searchAppInfo:[微信]
[2018-12-07 15:35:31,582] - [DEBUG] - getSarchResult:[http://www.anzhi.com/search.php]
[2018-12-07 15:35:31,582] - [DEBUG] - Starting new HTTP connection (1): www.anzhi.com
[2018-12-07 15:35:31,733] - [DEBUG] - http://www.anzhi.com:80 "GET /search.php?keyword=%E5%BE%AE%E4%BF%A1 HTTP/1.1" 200 None
[2018-12-07 15:35:31,750] - [DEBUG] - analyseHTML
[2018-12-07 15:35:31,769] - [DEBUG] - None
[2018-12-07 15:35:42,763] - [DEBUG] - log initialize finish
[2018-12-07 15:35:42,918] - [DEBUG] - searchAppInfo:[微信]
[2018-12-07 15:35:42,923] - [DEBUG] - getSarchResult:[http://www.anzhi.com/search.php]
[2018-12-07 15:35:42,924] - [DEBUG] - Starting new HTTP connection (1): www.anzhi.com
[2018-12-07 15:35:43,033] - [DEBUG] - http://www.anzhi.com:80 "GET /search.php?keyword=%E5%BE%AE%E4%BF%A1 HTTP/1.1" 200 None
[2018-12-07 15:35:43,048] - [DEBUG] - analyseHTML
[2018-12-07 15:36:25,194] - [DEBUG] - log initialize finish
[2018-12-07 15:36:25,344] - [DEBUG] - searchAppInfo:[微信]
[2018-12-07 15:36:25,345] - [DEBUG] - getSarchResult:[http://www.anzhi.com/search.php]
[2018-12-07 15:36:25,345] - [DEBUG] - Starting new HTTP connection (1): www.anzhi.com
[2018-12-07 15:36:25,522] - [DEBUG] - http://www.anzhi.com:80 "GET /search.php?keyword=%E5%BE%AE%E4%BF%A1 HTTP/1.1" 200 None
[2018-12-07 15:36:25,536] - [DEBUG] - analyseHTML
[2018-12-07 15:36:25,591] - [INFO] - 微信
[2018-12-07 15:36:25,592] - [INFO] - 抖音短视频
[2018-12-07 15:36:25,592] - [INFO] - QQ
[2018-12-07 15:36:25,594] - [INFO] - 快手
[2018-12-07 15:36:25,595] - [INFO] - 西瓜视频
[2018-12-07 15:36:25,595] - [INFO] - MOMO陌陌
[2018-12-07 15:36:25,596] - [INFO] - 火山小视频
[2018-12-07 15:36:25,598] - [INFO] - 同城么么
[2018-12-07 15:36:25,598] - [INFO] - 同城交友约会
[2018-12-07 15:36:25,604] - [INFO] - 两个微信
[2018-12-07 15:36:25,605] - [INFO] - 微信电话本
[2018-12-07 15:36:25,605] - [INFO] - 微信锁
[2018-12-07 15:36:25,605] - [INFO] - 微信聊天记录恢复
[2018-12-07 15:36:25,607] - [INFO] - 微信锁
[2018-12-07 15:36:25,608] - [INFO] - 微信表情大全
[2018-12-07 15:36:25,608] - [DEBUG] - None
